2026-03-06 03:24:29 Loaded main app package /usr/lib/obsidian/obsidian.asar
2026-03-06 03:24:29 Checking for update using Github
2026-03-06 03:24:30 Success.
2026-03-06 03:24:30 Latest version is 1.12.4
2026-03-06 03:24:30 App is up to date.
2026-03-06 03:25:09 Checking for update using Github
2026-03-06 03:25:09 Success.
2026-03-06 03:25:09 Latest version is 1.12.4
2026-03-06 03:25:09 App is up to date.
2026-03-07 04:29:11 Loaded main app package /usr/lib/obsidian/obsidian.asar
2026-03-07 04:29:11 Checking for update using Github
2026-03-07 04:29:11 Success.
2026-03-07 04:29:11 Latest version is 1.12.4
2026-03-07 04:29:11 App is up to date.
2026-03-07 05:29:11 Checking for update using Github
2026-03-07 05:29:11 Success.
2026-03-07 05:29:11 Latest version is 1.12.4
2026-03-07 05:29:11 App is up to date.
2026-03-07 06:29:11 Checking for update using Github
2026-03-07 06:29:12 Success.
2026-03-07 06:29:12 Latest version is 1.12.4
2026-03-07 06:29:12 App is up to date.
2026-03-07 07:29:11 Checking for update using Github
2026-03-07 07:29:11 Success.
2026-03-07 07:29:11 Latest version is 1.12.4
2026-03-07 07:29:11 App is up to date.
2026-03-07 08:29:11 Checking for update using Github
2026-03-07 08:29:12 Success.
2026-03-07 08:29:12 Latest version is 1.12.4
2026-03-07 08:29:12 App is up to date.
2026-03-07 09:29:11 Checking for update using Github
2026-03-07 09:29:12 Success.
2026-03-07 09:29:12 Latest version is 1.12.4
2026-03-07 09:29:12 App is up to date.
2026-03-07 10:29:11 Checking for update using Github
2026-03-07 10:29:12 Success.
2026-03-07 10:29:12 Latest version is 1.12.4
2026-03-07 10:29:12 App is up to date.
2026-03-07 11:29:11 Checking for update using Github
2026-03-07 11:29:12 Success.
2026-03-07 11:29:12 Latest version is 1.12.4
2026-03-07 11:29:12 App is up to date.
2026-03-07 12:29:11 Checking for update using Github
2026-03-07 12:29:12 Success.
2026-03-07 12:29:12 Latest version is 1.12.4
2026-03-07 12:29:12 App is up to date.
2026-03-07 13:29:12 Checking for update using Github
2026-03-07 13:29:12 Success.
2026-03-07 13:29:12 Latest version is 1.12.4
2026-03-07 13:29:12 App is up to date.
2026-03-07 14:29:12 Checking for update using Github
2026-03-07 14:29:12 Success.
2026-03-07 14:29:12 Latest version is 1.12.4
2026-03-07 14:29:12 App is up to date.
2026-03-07 15:29:12 Checking for update using Github
2026-03-07 15:29:12 Success.
2026-03-07 15:29:12 Latest version is 1.12.4
2026-03-07 15:29:12 App is up to date.
2026-03-07 16:29:12 Checking for update using Github
2026-03-07 16:29:12 Success.
2026-03-07 16:29:12 Latest version is 1.12.4
2026-03-07 16:29:12 App is up to date.
2026-03-07 17:29:12 Checking for update using Github
2026-03-07 17:29:12 Success.
2026-03-07 17:29:12 Latest version is 1.12.4
2026-03-07 17:29:12 App is up to date.
2026-03-08 04:55:08 Checking for update using Github
2026-03-08 04:55:08 Success.
2026-03-08 04:55:08 Latest version is 1.12.4
2026-03-08 04:55:08 App is up to date.
2026-03-08 05:55:08 Checking for update using Github
2026-03-08 05:55:08 Success.
2026-03-08 05:55:08 Latest version is 1.12.4
2026-03-08 05:55:08 App is up to date.
2026-03-08 06:55:08 Checking for update using Github
2026-03-08 06:55:08 Success.
2026-03-08 06:55:08 Latest version is 1.12.4
2026-03-08 06:55:08 App is up to date.
2026-03-08 07:55:08 Checking for update using Github
2026-03-08 07:55:09 Success.
2026-03-08 07:55:09 Latest version is 1.12.4
2026-03-08 07:55:09 App is up to date.
2026-03-08 08:55:08 Checking for update using Github
2026-03-08 08:55:09 Success.
2026-03-08 08:55:09 Latest version is 1.12.4
2026-03-08 08:55:09 App is up to date.
2026-03-08 09:55:08 Checking for update using Github
2026-03-08 09:55:09 Success.
2026-03-08 09:55:09 Latest version is 1.12.4
2026-03-08 09:55:09 App is up to date.
2026-03-09 02:49:58 Loaded main app package /usr/lib/obsidian/obsidian.asar
2026-03-09 02:49:58 Checking for update using Github
2026-03-09 02:49:59 Success.
2026-03-09 02:49:59 Latest version is 1.12.4
2026-03-09 02:49:59 App is up to date.
2026-03-09 03:49:59 Checking for update using Github
2026-03-09 03:49:59 Success.
2026-03-09 03:49:59 Latest version is 1.12.4
2026-03-09 03:49:59 App is up to date.
2026-03-09 04:49:59 Checking for update using Github
2026-03-09 04:49:59 Success.
2026-03-09 04:49:59 Latest version is 1.12.4
2026-03-09 04:49:59 App is up to date.
2026-03-09 05:49:59 Checking for update using Github
2026-03-09 05:50:00 Success.
2026-03-09 05:50:00 Latest version is 1.12.4
2026-03-09 05:50:00 App is up to date.
2026-03-09 06:49:59 Checking for update using Github
2026-03-09 06:50:00 Success.
2026-03-09 06:50:00 Latest version is 1.12.4
2026-03-09 06:50:00 App is up to date.
2026-03-09 14:38:06 Loaded main app package /usr/lib/obsidian/obsidian.asar
2026-03-09 14:38:06 Checking for update using Github
2026-03-09 14:38:06 Success.
2026-03-09 14:38:06 Latest version is 1.12.4
2026-03-09 14:38:06 App is up to date.
2026-03-09 15:38:06 Checking for update using Github
2026-03-09 15:38:06 Success.
2026-03-09 15:38:06 Latest version is 1.12.4
2026-03-09 15:38:06 App is up to date.
2026-03-10 05:59:48 Checking for update using Github
2026-03-10 05:59:49 Success.
2026-03-10 05:59:49 Latest version is 1.12.4
2026-03-10 05:59:49 App is up to date.
2026-03-10 06:59:49 Checking for update using Github
2026-03-10 06:59:49 Success.
2026-03-10 06:59:49 Latest version is 1.12.4
2026-03-10 06:59:49 App is up to date.
2026-03-10 07:59:49 Checking for update using Github
2026-03-10 07:59:49 Success.
2026-03-10 07:59:49 Latest version is 1.12.4
2026-03-10 07:59:49 App is up to date.
2026-03-10 08:59:49 Checking for update using Github
2026-03-10 08:59:49 Success.
2026-03-10 08:59:49 Latest version is 1.12.4
2026-03-10 08:59:49 App is up to date.
2026-03-10 09:59:49 Checking for update using Github
2026-03-10 09:59:49 Success.
2026-03-10 09:59:49 Latest version is 1.12.4
2026-03-10 09:59:49 App is up to date.
2026-03-10 10:59:49 Checking for update using Github
2026-03-10 10:59:49 Success.
2026-03-10 10:59:49 Latest version is 1.12.4
2026-03-10 10:59:49 App is up to date.
2026-03-10 11:59:49 Checking for update using Github
2026-03-10 11:59:49 Success.
2026-03-10 11:59:49 Latest version is 1.12.4
2026-03-10 11:59:49 App is up to date.
2026-03-10 12:59:49 Checking for update using Github
2026-03-10 12:59:49 Success.
2026-03-10 12:59:49 Latest version is 1.12.4
2026-03-10 12:59:49 App is up to date.
2026-03-10 13:59:49 Checking for update using Github
2026-03-10 13:59:50 Success.
2026-03-10 13:59:50 Latest version is 1.12.4
2026-03-10 13:59:50 App is up to date.
2026-03-10 14:59:49 Checking for update using Github
2026-03-10 14:59:50 Success.
2026-03-10 14:59:50 Latest version is 1.12.4
2026-03-10 14:59:50 App is up to date.
2026-03-10 15:59:49 Checking for update using Github
2026-03-10 15:59:50 Success.
2026-03-10 15:59:50 Latest version is 1.12.4
2026-03-10 15:59:50 App is up to date.
2026-03-10 16:59:49 Checking for update using Github
2026-03-10 16:59:50 Success.
2026-03-10 16:59:50 Latest version is 1.12.4
2026-03-10 16:59:50 App is up to date.
2026-03-10 17:59:50 Checking for update using Github
2026-03-10 17:59:50 Success.
2026-03-10 17:59:50 Latest version is 1.12.4
2026-03-10 17:59:50 App is up to date.
2026-03-10 18:59:50 Checking for update using Github
2026-03-10 18:59:50 Success.
2026-03-10 18:59:50 Latest version is 1.12.4
2026-03-10 18:59:50 App is up to date.
2026-03-10 19:59:50 Checking for update using Github
2026-03-10 19:59:50 Success.
2026-03-10 19:59:50 Latest version is 1.12.4
2026-03-10 19:59:50 App is up to date.
2026-03-12 18:13:53 Loaded main app package /usr/lib/obsidian/obsidian.asar
2026-03-12 18:13:53 Checking for update using Github
2026-03-12 18:13:53 Success.
2026-03-12 18:13:53 Latest version is 1.12.4
2026-03-12 18:13:53 App is up to date.
2026-03-15 16:58:28 Loaded main app package /usr/lib/obsidian/obsidian.asar
2026-03-15 16:58:29 Checking for update using Github
2026-03-15 16:58:29 Success.
2026-03-15 16:58:29 Latest version is 1.12.4
2026-03-15 16:58:29 App is up to date.
2026-03-15 17:58:28 Checking for update using Github
2026-03-15 17:58:29 Success.
2026-03-15 17:58:29 Latest version is 1.12.4
2026-03-15 17:58:29 App is up to date.
2026-03-15 18:58:29 Checking for update using Github
2026-03-15 18:58:29 Success.
2026-03-15 18:58:29 Latest version is 1.12.4
2026-03-15 18:58:29 App is up to date.
2026-03-15 19:58:29 Checking for update using Github
2026-03-15 19:58:29 Success.
2026-03-15 19:58:29 Latest version is 1.12.4
2026-03-15 19:58:29 App is up to date.
2026-03-16 19:17:38 Loaded main app package /usr/lib/obsidian/obsidian.asar
2026-03-16 19:17:39 Checking for update using Github
2026-03-16 19:17:39 Success.
2026-03-16 19:17:39 Latest version is 1.12.4
2026-03-16 19:17:39 App is up to date.
2026-03-16 20:17:38 Checking for update using Github
2026-03-16 20:17:39 Success.
2026-03-16 20:17:39 Latest version is 1.12.4
2026-03-16 20:17:39 App is up to date.
2026-03-16 21:17:38 Checking for update using Github
2026-03-16 21:17:39 Success.
2026-03-16 21:17:39 Latest version is 1.12.4
2026-03-16 21:17:39 App is up to date.
2026-03-16 22:17:39 Checking for update using Github
2026-03-16 22:17:39 Success.
2026-03-16 22:17:39 Latest version is 1.12.4
2026-03-16 22:17:39 App is up to date.
2026-03-16 23:17:39 Checking for update using Github
2026-03-16 23:17:39 Success.
2026-03-16 23:17:39 Latest version is 1.12.4
2026-03-16 23:17:39 App is up to date.
2026-03-17 00:17:39 Checking for update using Github
2026-03-17 00:17:39 Success.
2026-03-17 00:17:39 Latest version is 1.12.4
2026-03-17 00:17:39 App is up to date.
2026-03-17 01:17:39 Checking for update using Github
2026-03-17 01:17:39 Success.
2026-03-17 01:17:39 Latest version is 1.12.4
2026-03-17 01:17:39 App is up to date.
2026-03-17 02:17:39 Checking for update using Github
2026-03-17 02:17:39 Success.
2026-03-17 02:17:39 Latest version is 1.12.4
2026-03-17 02:17:39 App is up to date.
2026-03-17 03:17:39 Checking for update using Github
2026-03-17 03:17:39 Success.
2026-03-17 03:17:39 Latest version is 1.12.4
2026-03-17 03:17:39 App is up to date.
2026-03-17 23:58:18 Loaded main app package /usr/lib/obsidian/obsidian.asar
2026-03-17 23:58:18 Checking for update using Github
2026-03-17 23:58:18 Success.
2026-03-17 23:58:18 Latest version is 1.12.4
2026-03-17 23:58:18 App is up to date.
2026-03-18 00:58:18 Checking for update using Github
2026-03-18 00:58:18 Success.
2026-03-18 00:58:18 Latest version is 1.12.4
2026-03-18 00:58:18 App is up to date.
2026-03-18 01:58:18 Checking for update using Github
2026-03-18 01:58:18 Success.
2026-03-18 01:58:18 Latest version is 1.12.4
2026-03-18 01:58:18 App is up to date.
2026-03-18 02:58:18 Checking for update using Github
2026-03-18 02:58:19 Success.
2026-03-18 02:58:19 Latest version is 1.12.4
2026-03-18 02:58:19 App is up to date.
2026-03-18 14:08:29 Checking for update using Github
2026-03-18 14:08:30 Success.
2026-03-18 14:08:30 Latest version is 1.12.4
2026-03-18 14:08:30 App is up to date.
2026-03-18 18:10:48 Loaded main app package /usr/lib/obsidian/obsidian.asar
2026-03-18 18:10:48 Checking for update using Github
2026-03-18 18:10:48 Success.
2026-03-18 18:10:48 Latest version is 1.12.4
2026-03-18 18:10:48 App is up to date.
2026-03-18 19:10:48 Checking for update using Github
2026-03-18 19:10:48 Success.
2026-03-18 19:10:48 Latest version is 1.12.4
2026-03-18 19:10:48 App is up to date.
2026-03-19 18:34:07 Loaded main app package /usr/lib/obsidian/obsidian.asar
2026-03-19 18:34:07 Checking for update using Github
2026-03-19 18:34:07 Success.
2026-03-19 18:34:07 Latest version is 1.12.4
2026-03-19 18:34:07 App is up to date.
2026-03-19 19:34:07 Checking for update using Github
2026-03-19 19:34:07 Success.
2026-03-19 19:34:07 Latest version is 1.12.4
2026-03-19 19:34:07 App is up to date.
2026-03-19 20:34:07 Checking for update using Github
2026-03-19 20:34:07 Success.
2026-03-19 20:34:07 Latest version is 1.12.4
2026-03-19 20:34:07 App is up to date.
2026-03-19 21:34:07 Checking for update using Github
2026-03-19 21:34:07 Success.
2026-03-19 21:34:07 Latest version is 1.12.4
2026-03-19 21:34:07 App is up to date.
2026-03-19 22:34:07 Checking for update using Github
2026-03-19 22:34:07 Success.
2026-03-19 22:34:07 Latest version is 1.12.4
2026-03-19 22:34:07 App is up to date.
2026-03-19 23:34:07 Checking for update using Github
2026-03-19 23:34:07 Success.
2026-03-19 23:34:07 Latest version is 1.12.4
2026-03-19 23:34:07 App is up to date.
2026-03-20 00:34:07 Checking for update using Github
2026-03-20 00:34:08 Failed to check for update using Github (net::ERR_ADDRESS_UNREACHABLE)
2026-03-20 00:34:08 Checking for update using obsidian.md
2026-03-20 00:34:08 Failed to check for update using obsidian.md (Unexpected end of JSON input)
2026-03-20 01:34:07 Checking for update using Github
2026-03-20 01:34:07 Success.
2026-03-20 01:34:07 Latest version is 1.12.4
2026-03-20 01:34:07 App is up to date.
2026-03-20 18:20:45 Loaded main app package /usr/lib/obsidian/obsidian.asar
2026-03-20 18:20:45 Checking for update using Github
2026-03-20 18:20:46 Success.
2026-03-20 18:20:46 Latest version is 1.12.4
2026-03-20 18:20:46 App is up to date.
2026-03-20 19:20:45 Checking for update using Github
2026-03-20 19:20:46 Success.
2026-03-20 19:20:46 Latest version is 1.12.4
2026-03-20 19:20:46 App is up to date.
2026-03-20 20:20:45 Checking for update using Github
2026-03-20 20:20:46 Success.
2026-03-20 20:20:46 Latest version is 1.12.4
2026-03-20 20:20:46 App is up to date.
2026-03-20 21:20:45 Checking for update using Github
2026-03-20 21:20:46 Success.
2026-03-20 21:20:46 Latest version is 1.12.4
2026-03-20 21:20:46 App is up to date.
2026-03-20 22:20:45 Checking for update using Github
2026-03-20 22:20:46 Success.
2026-03-20 22:20:46 Latest version is 1.12.4
2026-03-20 22:20:46 App is up to date.
2026-03-20 23:20:46 Checking for update using Github
2026-03-20 23:20:46 Success.
2026-03-20 23:20:46 Latest version is 1.12.4
2026-03-20 23:20:46 App is up to date.
2026-03-21 00:20:46 Checking for update using Github
2026-03-21 00:20:46 Success.
2026-03-21 00:20:46 Latest version is 1.12.4
2026-03-21 00:20:46 App is up to date.
2026-03-21 01:20:46 Checking for update using Github
2026-03-21 01:20:46 Success.
2026-03-21 01:20:46 Latest version is 1.12.4
2026-03-21 01:20:46 App is up to date.
2026-03-21 02:20:46 Checking for update using Github
2026-03-21 02:20:46 Success.
2026-03-21 02:20:46 Latest version is 1.12.4
2026-03-21 02:20:46 App is up to date.
2026-03-21 03:20:46 Checking for update using Github
2026-03-21 03:20:46 Success.
2026-03-21 03:20:46 Latest version is 1.12.4
2026-03-21 03:20:46 App is up to date.
2026-03-21 04:20:46 Checking for update using Github
2026-03-21 04:20:46 Success.
2026-03-21 04:20:46 Latest version is 1.12.4
2026-03-21 04:20:46 App is up to date.
2026-03-26 23:06:29 Loaded main app package /usr/lib/obsidian/obsidian.asar
2026-03-26 23:06:29 Checking for update using Github
2026-03-26 23:06:30 Success.
2026-03-26 23:06:30 Latest version is 1.12.7
2026-03-26 23:06:30 App is up to date.
2026-03-27 00:06:29 Checking for update using Github
2026-03-27 00:06:30 Success.
2026-03-27 00:06:30 Latest version is 1.12.7
2026-03-27 00:06:30 App is up to date.
2026-03-27 01:06:29 Checking for update using Github
2026-03-27 01:06:30 Success.
2026-03-27 01:06:30 Latest version is 1.12.7
2026-03-27 01:06:30 App is up to date.
2026-03-30 01:42:03 Loaded main app package /usr/lib/obsidian/obsidian.asar
2026-03-30 01:42:03 Checking for update using Github
2026-03-30 01:42:04 Success.
2026-03-30 01:42:04 Latest version is 1.12.7
2026-03-30 01:42:04 App is up to date.
2026-03-30 02:42:03 Checking for update using Github
2026-03-30 02:42:03 Success.
2026-03-30 02:42:03 Latest version is 1.12.7
2026-03-30 02:42:03 App is up to date.
2026-03-30 03:42:03 Checking for update using Github
2026-03-30 03:42:03 Success.
2026-03-30 03:42:03 Latest version is 1.12.7
2026-03-30 03:42:03 App is up to date.
2026-03-30 04:42:03 Checking for update using Github
2026-03-30 04:42:03 Success.
2026-03-30 04:42:03 Latest version is 1.12.7
2026-03-30 04:42:03 App is up to date.
2026-03-30 05:42:03 Checking for update using Github
2026-03-30 05:42:04 Success.
2026-03-30 05:42:04 Latest version is 1.12.7
2026-03-30 05:42:04 App is up to date.
2026-04-20 20:20:10 Loaded main app package /usr/lib/obsidian/obsidian.asar
2026-04-20 20:20:10 Checking for update using Github
2026-04-20 20:20:10 Success.
2026-04-20 20:20:10 Latest version is 1.12.7
2026-04-20 20:20:10 App is up to date.
2026-04-20 21:20:10 Checking for update using Github
2026-04-20 21:20:10 Success.
2026-04-20 21:20:10 Latest version is 1.12.7
2026-04-20 21:20:10 App is up to date.
2026-04-20 22:20:10 Checking for update using Github
2026-04-20 22:20:10 Success.
2026-04-20 22:20:10 Latest version is 1.12.7
2026-04-20 22:20:10 App is up to date.
2026-04-20 23:20:10 Checking for update using Github
2026-04-20 23:20:10 Success.
2026-04-20 23:20:10 Latest version is 1.12.7
2026-04-20 23:20:10 App is up to date.
2026-04-21 16:30:45 Checking for update using Github
2026-04-21 16:30:46 Success.
2026-04-21 16:30:46 Latest version is 1.12.7
2026-04-21 16:30:46 App is up to date.
2026-04-21 17:30:45 Checking for update using Github
2026-04-21 17:30:46 Success.
2026-04-21 17:30:46 Latest version is 1.12.7
2026-04-21 17:30:46 App is up to date.
2026-04-21 18:30:45 Checking for update using Github
2026-04-21 18:31:00 Failed to check for update using Github (net::ERR_ADDRESS_UNREACHABLE)
2026-04-21 18:31:00 Checking for update using obsidian.md
2026-04-21 18:31:26 Failed to check for update using obsidian.md (net::ERR_ADDRESS_UNREACHABLE)
2026-04-21 19:30:46 Checking for update using Github
2026-04-21 19:30:46 Success.
2026-04-21 19:30:46 Latest version is 1.12.7
2026-04-21 19:30:46 App is up to date.
2026-04-21 20:30:46 Checking for update using Github
2026-04-21 20:30:46 Success.
2026-04-21 20:30:46 Latest version is 1.12.7
2026-04-21 20:30:46 App is up to date.
2026-04-23 22:32:17 Loaded main app package /usr/lib/obsidian/obsidian.asar
2026-04-23 22:32:17 Checking for update using Github
2026-04-23 22:32:17 Success.
2026-04-23 22:32:17 Latest version is 1.12.7
2026-04-23 22:32:17 App is up to date.
2026-05-30 20:19:12 Loaded main app package /usr/lib/obsidian/obsidian.asar
2026-05-30 20:19:12 Checking for update using Github
2026-05-30 20:19:12 Success.
2026-05-30 20:19:12 Latest version is 1.12.7
2026-05-30 20:19:12 App is up to date.
2026-05-30 21:19:12 Checking for update using Github
2026-05-30 21:19:12 Success.
2026-05-30 21:19:12 Latest version is 1.12.7
2026-05-30 21:19:12 App is up to date.
2026-05-30 22:19:12 Checking for update using Github
2026-05-30 22:19:12 Success.
2026-05-30 22:19:12 Latest version is 1.12.7
2026-05-30 22:19:12 App is up to date.
2026-05-30 23:19:12 Checking for update using Github
2026-05-30 23:19:12 Success.
2026-05-30 23:19:12 Latest version is 1.12.7
2026-05-30 23:19:12 App is up to date.
2026-05-31 00:19:12 Checking for update using Github
2026-05-31 00:19:12 Success.
2026-05-31 00:19:12 Latest version is 1.12.7
2026-05-31 00:19:12 App is up to date.
